[WebServer] ⚠ experimental.useWasmBinary is not an option for supported platform linux/x64 and will be ignored.
[WebServer] ⚠ experimental.useWasmBinary is not an option for supported platform linux/x64 and will be ignored.
[WebServer] ⚠ experimental.useWasmBinary is not an option for supported platform linux/x64 and will be ignored.
[WebServer] ⚠ experimental.useWasmBinary is not an option for supported platform linux/x64 and will be ignored.
[WebServer] ⚠ experimental.useWasmBinary is not an option for supported platform linux/x64 and will be ignored.
[WebServer] ⚠ experimental.useWasmBinary is not an option for supported platform linux/x64 and will be ignored.
[WebServer] ⚠ experimental.useWasmBinary is not an option for supported platform linux/x64 and will be ignored.
[WebServer] ⚠ experimental.useWasmBinary is not an option for supported platform linux/x64 and will be ignored.
[WebServer] ⚠ experimental.useWasmBinary is not an option for supported platform linux/x64 and will be ignored.

Running 156 tests using 2 workers

  ✓    1 [desktop-chromium] › tests/e2e/smoke.spec.ts:8:9 › route smoke characterization › /features (882ms)
  ✓    2 [desktop-chromium] › tests/e2e/smoke.spec.ts:8:9 › route smoke characterization › / (1.5s)
  ✓    3 [desktop-chromium] › tests/e2e/smoke.spec.ts:8:9 › route smoke characterization › /pricing (851ms)
  ✓    4 [desktop-chromium] › tests/e2e/smoke.spec.ts:8:9 › route smoke characterization › /api (701ms)
  ✓    5 [desktop-chromium] › tests/e2e/smoke.spec.ts:8:9 › route smoke characterization › /docs/api (718ms)
  ✓    6 [desktop-chromium] › tests/e2e/smoke.spec.ts:8:9 › route smoke characterization › /about (747ms)
  ✓    7 [desktop-chromium] › tests/e2e/smoke.spec.ts:8:9 › route smoke characterization › /careers (672ms)
  ✓    8 [desktop-chromium] › tests/e2e/smoke.spec.ts:8:9 › route smoke characterization › /contact (693ms)
  ✓    9 [desktop-chromium] › tests/e2e/smoke.spec.ts:8:9 › route smoke characterization › /blog (719ms)
  ✓   10 [desktop-chromium] › tests/e2e/smoke.spec.ts:8:9 › route smoke characterization › /blog/checkout-qris-conversion (630ms)
  ✓   11 [desktop-chromium] › tests/e2e/smoke.spec.ts:8:9 › route smoke characterization › /help (743ms)
  ✓   12 [desktop-chromium] › tests/e2e/smoke.spec.ts:8:9 › route smoke characterization › /status (723ms)
  ✓   13 [desktop-chromium] › tests/e2e/smoke.spec.ts:8:9 › route smoke characterization › /security (720ms)
  ✓   14 [desktop-chromium] › tests/e2e/smoke.spec.ts:8:9 › route smoke characterization › /changelog (646ms)
  ✓   15 [desktop-chromium] › tests/e2e/smoke.spec.ts:8:9 › route smoke characterization › /privacy (656ms)
  ✓   16 [desktop-chromium] › tests/e2e/smoke.spec.ts:8:9 › route smoke characterization › /terms (687ms)
  ✓   17 [desktop-chromium] › tests/e2e/smoke.spec.ts:8:9 › route smoke characterization › /cookies (683ms)
  ✓   18 [desktop-chromium] › tests/e2e/smoke.spec.ts:8:9 › route smoke characterization › /login (732ms)
  ✓   19 [desktop-chromium] › tests/e2e/smoke.spec.ts:8:9 › route smoke characterization › /register (660ms)
  ✓   20 [desktop-chromium] › tests/e2e/smoke.spec.ts:8:9 › route smoke characterization › /@asep-ai-tools (685ms)
  ✓   21 [desktop-chromium] › tests/e2e/smoke.spec.ts:8:9 › route smoke characterization › /@designkit-studio (683ms)
  ✓   22 [desktop-chromium] › tests/e2e/smoke.spec.ts:8:9 › route smoke characterization › /@asep-ai-tools/ai-prompt-pack (595ms)
  ✓   23 [desktop-chromium] › tests/e2e/smoke.spec.ts:8:9 › route smoke characterization › /checkout/prod_01 (495ms)
  ✓   24 [desktop-chromium] › tests/e2e/smoke.spec.ts:8:9 › route smoke characterization › /orders/FRS-240712-1848/invoice (576ms)
  ✓   25 [desktop-chromium] › tests/e2e/smoke.spec.ts:8:9 › route smoke characterization › /invoices/verify/FRS-240712-1848-6AD891CE (501ms)
  ✓   26 [desktop-chromium] › tests/e2e/smoke.spec.ts:8:9 › route smoke characterization › /orders/FRS-240712-1848/success (464ms)
  ✓   27 [desktop-chromium] › tests/e2e/smoke.spec.ts:8:9 › route smoke characterization › /account/login (843ms)
  ✓   28 [desktop-chromium] › tests/e2e/smoke.spec.ts:8:9 › route smoke characterization › /account/purchases (772ms)
  ✓   29 [desktop-chromium] › tests/e2e/smoke.spec.ts:8:9 › route smoke characterization › /account/purchases/FRS-240712-1842 (686ms)
  ✓   30 [desktop-chromium] › tests/e2e/smoke.spec.ts:8:9 › route smoke characterization › /account/purchases/FRS-240712-1842/invoice (671ms)
  ✓   31 [desktop-chromium] › tests/e2e/smoke.spec.ts:8:9 › route smoke characterization › /account/profile (631ms)
  ✓   32 [desktop-chromium] › tests/e2e/smoke.spec.ts:8:9 › route smoke characterization › /account/security (736ms)
  ✓   34 [desktop-chromium] › tests/e2e/smoke.spec.ts:8:9 › route smoke characterization › /dashboard/onboarding (773ms)
  ✓   33 [desktop-chromium] › tests/e2e/smoke.spec.ts:8:9 › route smoke characterization › /dashboard (1.3s)
  ✓   35 [desktop-chromium] › tests/e2e/smoke.spec.ts:8:9 › route smoke characterization › /dashboard/products (868ms)
  ✓   36 [desktop-chromium] › tests/e2e/smoke.spec.ts:8:9 › route smoke characterization › /dashboard/products/new (759ms)
  ✓   37 [desktop-chromium] › tests/e2e/smoke.spec.ts:8:9 › route smoke characterization › /dashboard/products/prod_01 (782ms)
  ✓   38 [desktop-chromium] › tests/e2e/smoke.spec.ts:8:9 › route smoke characterization › /dashboard/inventory (786ms)
  ✓   40 [desktop-chromium] › tests/e2e/smoke.spec.ts:8:9 › route smoke characterization › /dashboard/inventory/prod_account (781ms)
  ✓   39 [desktop-chromium] › tests/e2e/smoke.spec.ts:8:9 › route smoke characterization › /dashboard/orders (834ms)
  ✓   41 [desktop-chromium] › tests/e2e/smoke.spec.ts:8:9 › route smoke characterization › /dashboard/orders/FRS-240712-1842 (797ms)
  ✓   42 [desktop-chromium] › tests/e2e/smoke.spec.ts:8:9 › route smoke characterization › /dashboard/customers (842ms)
  ✓   43 [desktop-chromium] › tests/e2e/smoke.spec.ts:8:9 › route smoke characterization › /dashboard/customers/FRS-240712-1842 (810ms)
  ✓   44 [desktop-chromium] › tests/e2e/smoke.spec.ts:8:9 › route smoke characterization › /dashboard/reviews (795ms)
  ✓   45 [desktop-chromium] › tests/e2e/smoke.spec.ts:8:9 › route smoke characterization › /dashboard/coupons (922ms)
  ✓   46 [desktop-chromium] › tests/e2e/smoke.spec.ts:8:9 › route smoke characterization › /dashboard/coupons/new (884ms)
  ✓   47 [desktop-chromium] › tests/e2e/smoke.spec.ts:8:9 › route smoke characterization › /dashboard/withdrawals (767ms)
  ✓   48 [desktop-chromium] › tests/e2e/smoke.spec.ts:8:9 › route smoke characterization › /dashboard/withdrawals/new (880ms)
  ✓   50 [desktop-chromium] › tests/e2e/smoke.spec.ts:8:9 › route smoke characterization › /dashboard/webhooks (704ms)
  ✓   49 [desktop-chromium] › tests/e2e/smoke.spec.ts:8:9 › route smoke characterization › /dashboard/storefront (962ms)
  ✓   51 [desktop-chromium] › tests/e2e/smoke.spec.ts:8:9 › route smoke characterization › /dashboard/settings (763ms)
  ✓   52 [desktop-chromium] › tests/e2e/smoke.spec.ts:8:9 › route smoke characterization › /dashboard/api-keys (749ms)
  ✓   53 [desktop-chromium] › tests/e2e/smoke.spec.ts:8:9 › route smoke characterization › /dashboard/balance (908ms)
  ✓   54 [desktop-chromium] › tests/e2e/smoke.spec.ts:8:9 › route smoke characterization › /admin/login (941ms)
  ✓   55 [desktop-chromium] › tests/e2e/smoke.spec.ts:8:9 › route smoke characterization › /admin (1.0s)
  ✓   56 [desktop-chromium] › tests/e2e/smoke.spec.ts:8:9 › route smoke characterization › /admin/merchants (1.2s)
  ✓   57 [desktop-chromium] › tests/e2e/smoke.spec.ts:8:9 › route smoke characterization › /admin/merchants/str_01H8A2 (1.4s)
  ✓   58 [desktop-chromium] › tests/e2e/smoke.spec.ts:8:9 › route smoke characterization › /admin/buyers (1.2s)
  ✓   59 [desktop-chromium] › tests/e2e/smoke.spec.ts:8:9 › route smoke characterization › /admin/buyers/byr_91K2 (1.0s)
  ✓   60 [desktop-chromium] › tests/e2e/smoke.spec.ts:8:9 › route smoke characterization › /admin/users (951ms)
  ✓   62 [desktop-chromium] › tests/e2e/smoke.spec.ts:8:9 › route smoke characterization › /admin/roles (923ms)
  ✓   61 [desktop-chromium] › tests/e2e/smoke.spec.ts:8:9 › route smoke characterization › /admin/profile (1.1s)
  ✓   63 [desktop-chromium] › tests/e2e/smoke.spec.ts:8:9 › route smoke characterization › /admin/roles/new (1.1s)
  ✓   64 [desktop-chromium] › tests/e2e/smoke.spec.ts:8:9 › route smoke characterization › /admin/roles/role_finance (1.2s)
  ✓   65 [desktop-chromium] › tests/e2e/smoke.spec.ts:8:9 › route smoke characterization › /admin/campaigns (1.2s)
  ✓   66 [desktop-chromium] › tests/e2e/smoke.spec.ts:8:9 › route smoke characterization › /admin/orders (1.2s)
  ✓   67 [desktop-chromium] › tests/e2e/smoke.spec.ts:8:9 › route smoke characterization › /admin/orders/FRS-240712-1842 (1.1s)
  ✓   68 [desktop-chromium] › tests/e2e/smoke.spec.ts:8:9 › route smoke characterization › /admin/payments (1.2s)
  ✓   69 [desktop-chromium] › tests/e2e/smoke.spec.ts:8:9 › route smoke characterization › /admin/withdrawals (1.2s)
  ✓   70 [desktop-chromium] › tests/e2e/smoke.spec.ts:8:9 › route smoke characterization › /admin/withdrawals/WD-120724-0092 (1.2s)
  ✓   71 [desktop-chromium] › tests/e2e/smoke.spec.ts:8:9 › route smoke characterization › /admin/inventory (1.2s)
  ✓   72 [desktop-chromium] › tests/e2e/smoke.spec.ts:8:9 › route smoke characterization › /admin/fulfillment (1.1s)
  ✓   73 [desktop-chromium] › tests/e2e/smoke.spec.ts:8:9 › route smoke characterization › /admin/reviews (1.4s)
  ✓   74 [desktop-chromium] › tests/e2e/smoke.spec.ts:8:9 › route smoke characterization › /admin/kyc (1.2s)
  ✓   75 [desktop-chromium] › tests/e2e/smoke.spec.ts:8:9 › route smoke characterization › /admin/webhooks (1.0s)
  ✓   76 [desktop-chromium] › tests/e2e/smoke.spec.ts:8:9 › route smoke characterization › /admin/audit-logs (1.1s)
  ✓   77 [desktop-chromium] › tests/e2e/smoke.spec.ts:8:9 › route smoke characterization › /admin/providers (1.2s)
  ✓   78 [desktop-chromium] › tests/e2e/smoke.spec.ts:8:9 › route smoke characterization › /admin/system (1.1s)
  ✓   80 [mobile-chromium] › tests/e2e/smoke.spec.ts:8:9 › route smoke characterization › /features (909ms)
  ✓   81 [mobile-chromium] › tests/e2e/smoke.spec.ts:8:9 › route smoke characterization › /pricing (679ms)
  ✓   79 [mobile-chromium] › tests/e2e/smoke.spec.ts:8:9 › route smoke characterization › / (1.8s)
  ✓   82 [mobile-chromium] › tests/e2e/smoke.spec.ts:8:9 › route smoke characterization › /api (722ms)
  ✓   83 [mobile-chromium] › tests/e2e/smoke.spec.ts:8:9 › route smoke characterization › /docs/api (816ms)
  ✓   85 [mobile-chromium] › tests/e2e/smoke.spec.ts:8:9 › route smoke characterization › /careers (604ms)
  ✓   84 [mobile-chromium] › tests/e2e/smoke.spec.ts:8:9 › route smoke characterization › /about (845ms)
  ✓   86 [mobile-chromium] › tests/e2e/smoke.spec.ts:8:9 › route smoke characterization › /contact (635ms)
  ✓   87 [mobile-chromium] › tests/e2e/smoke.spec.ts:8:9 › route smoke characterization › /blog (895ms)
  ✓   88 [mobile-chromium] › tests/e2e/smoke.spec.ts:8:9 › route smoke characterization › /blog/checkout-qris-conversion (772ms)
  ✓   89 [mobile-chromium] › tests/e2e/smoke.spec.ts:8:9 › route smoke characterization › /help (666ms)
  ✓   90 [mobile-chromium] › tests/e2e/smoke.spec.ts:8:9 › route smoke characterization › /status (649ms)
  ✓   91 [mobile-chromium] › tests/e2e/smoke.spec.ts:8:9 › route smoke characterization › /security (666ms)
  ✓   92 [mobile-chromium] › tests/e2e/smoke.spec.ts:8:9 › route smoke characterization › /changelog (632ms)
  ✓   93 [mobile-chromium] › tests/e2e/smoke.spec.ts:8:9 › route smoke characterization › /privacy (593ms)
  ✓   94 [mobile-chromium] › tests/e2e/smoke.spec.ts:8:9 › route smoke characterization › /terms (631ms)
  ✓   95 [mobile-chromium] › tests/e2e/smoke.spec.ts:8:9 › route smoke characterization › /cookies (625ms)
  ✓   96 [mobile-chromium] › tests/e2e/smoke.spec.ts:8:9 › route smoke characterization › /login (631ms)
  ✓   97 [mobile-chromium] › tests/e2e/smoke.spec.ts:8:9 › route smoke characterization › /register (608ms)
  ✓   99 [mobile-chromium] › tests/e2e/smoke.spec.ts:8:9 › route smoke characterization › /@designkit-studio (823ms)
  ✓   98 [mobile-chromium] › tests/e2e/smoke.spec.ts:8:9 › route smoke characterization › /@asep-ai-tools (1.1s)
  ✓  101 [mobile-chromium] › tests/e2e/smoke.spec.ts:8:9 › route smoke characterization › /checkout/prod_01 (639ms)
  ✓  100 [mobile-chromium] › tests/e2e/smoke.spec.ts:8:9 › route smoke characterization › /@asep-ai-tools/ai-prompt-pack (800ms)
  ✓  102 [mobile-chromium] › tests/e2e/smoke.spec.ts:8:9 › route smoke characterization › /orders/FRS-240712-1848/invoice (658ms)
  ✓  103 [mobile-chromium] › tests/e2e/smoke.spec.ts:8:9 › route smoke characterization › /invoices/verify/FRS-240712-1848-6AD891CE (597ms)
  ✓  105 [mobile-chromium] › tests/e2e/smoke.spec.ts:8:9 › route smoke characterization › /account/login (549ms)
  ✓  104 [mobile-chromium] › tests/e2e/smoke.spec.ts:8:9 › route smoke characterization › /orders/FRS-240712-1848/success (640ms)
  ✓  107 [mobile-chromium] › tests/e2e/smoke.spec.ts:8:9 › route smoke characterization › /account/purchases/FRS-240712-1842 (785ms)
  ✓  106 [mobile-chromium] › tests/e2e/smoke.spec.ts:8:9 › route smoke characterization › /account/purchases (962ms)
  ✓  108 [mobile-chromium] › tests/e2e/smoke.spec.ts:8:9 › route smoke characterization › /account/purchases/FRS-240712-1842/invoice (819ms)
  ✓  109 [mobile-chromium] › tests/e2e/smoke.spec.ts:8:9 › route smoke characterization › /account/profile (794ms)
  ✓  110 [mobile-chromium] › tests/e2e/smoke.spec.ts:8:9 › route smoke characterization › /account/security (971ms)
  ✓  111 [mobile-chromium] › tests/e2e/smoke.spec.ts:8:9 › route smoke characterization › /dashboard (1.5s)
  ✓  112 [mobile-chromium] › tests/e2e/smoke.spec.ts:8:9 › route smoke characterization › /dashboard/onboarding (636ms)
  ✓  114 [mobile-chromium] › tests/e2e/smoke.spec.ts:8:9 › route smoke characterization › /dashboard/products/new (926ms)
  ✓  113 [mobile-chromium] › tests/e2e/smoke.spec.ts:8:9 › route smoke characterization › /dashboard/products (1.2s)
  ✓  115 [mobile-chromium] › tests/e2e/smoke.spec.ts:8:9 › route smoke characterization › /dashboard/products/prod_01 (1.1s)
  ✓  116 [mobile-chromium] › tests/e2e/smoke.spec.ts:8:9 › route smoke characterization › /dashboard/inventory (1.2s)
  ✓  117 [mobile-chromium] › tests/e2e/smoke.spec.ts:8:9 › route smoke characterization › /dashboard/inventory/prod_account (1.2s)
  ✓  118 [mobile-chromium] › tests/e2e/smoke.spec.ts:8:9 › route smoke characterization › /dashboard/orders (1.1s)
  ✓  119 [mobile-chromium] › tests/e2e/smoke.spec.ts:8:9 › route smoke characterization › /dashboard/orders/FRS-240712-1842 (1.3s)
  ✓  120 [mobile-chromium] › tests/e2e/smoke.spec.ts:8:9 › route smoke characterization › /dashboard/customers (1.2s)
  ✓  121 [mobile-chromium] › tests/e2e/smoke.spec.ts:8:9 › route smoke characterization › /dashboard/customers/FRS-240712-1842 (1.3s)
  ✓  122 [mobile-chromium] › tests/e2e/smoke.spec.ts:8:9 › route smoke characterization › /dashboard/reviews (1.2s)
  ✓  123 [mobile-chromium] › tests/e2e/smoke.spec.ts:8:9 › route smoke characterization › /dashboard/coupons (1.1s)
  ✓  124 [mobile-chromium] › tests/e2e/smoke.spec.ts:8:9 › route smoke characterization › /dashboard/coupons/new (1.1s)
  ✓  126 [mobile-chromium] › tests/e2e/smoke.spec.ts:8:9 › route smoke characterization › /dashboard/withdrawals/new (1.1s)
  ✓  125 [mobile-chromium] › tests/e2e/smoke.spec.ts:8:9 › route smoke characterization › /dashboard/withdrawals (1.3s)
  ✓  128 [mobile-chromium] › tests/e2e/smoke.spec.ts:8:9 › route smoke characterization › /dashboard/webhooks (935ms)
  ✓  127 [mobile-chromium] › tests/e2e/smoke.spec.ts:8:9 › route smoke characterization › /dashboard/storefront (1.1s)
  ✓  129 [mobile-chromium] › tests/e2e/smoke.spec.ts:8:9 › route smoke characterization › /dashboard/settings (961ms)
  ✓  130 [mobile-chromium] › tests/e2e/smoke.spec.ts:8:9 › route smoke characterization › /dashboard/api-keys (1.0s)
  ✓  132 [mobile-chromium] › tests/e2e/smoke.spec.ts:8:9 › route smoke characterization › /admin/login (812ms)
  ✓  131 [mobile-chromium] › tests/e2e/smoke.spec.ts:8:9 › route smoke characterization › /dashboard/balance (1.4s)
  ✓  133 [mobile-chromium] › tests/e2e/smoke.spec.ts:8:9 › route smoke characterization › /admin (1.1s)
  ✓  134 [mobile-chromium] › tests/e2e/smoke.spec.ts:8:9 › route smoke characterization › /admin/merchants (1.2s)
  ✓  135 [mobile-chromium] › tests/e2e/smoke.spec.ts:8:9 › route smoke characterization › /admin/merchants/str_01H8A2 (1.2s)
  ✓  136 [mobile-chromium] › tests/e2e/smoke.spec.ts:8:9 › route smoke characterization › /admin/buyers (1.2s)
  ✓  137 [mobile-chromium] › tests/e2e/smoke.spec.ts:8:9 › route smoke characterization › /admin/buyers/byr_91K2 (1.1s)
  ✓  138 [mobile-chromium] › tests/e2e/smoke.spec.ts:8:9 › route smoke characterization › /admin/users (1.1s)
  ✓  139 [mobile-chromium] › tests/e2e/smoke.spec.ts:8:9 › route smoke characterization › /admin/profile (920ms)
  ✓  140 [mobile-chromium] › tests/e2e/smoke.spec.ts:8:9 › route smoke characterization › /admin/roles (1.1s)
  ✓  141 [mobile-chromium] › tests/e2e/smoke.spec.ts:8:9 › route smoke characterization › /admin/roles/new (988ms)
  ✓  142 [mobile-chromium] › tests/e2e/smoke.spec.ts:8:9 › route smoke characterization › /admin/roles/role_finance (1.2s)
  ✓  143 [mobile-chromium] › tests/e2e/smoke.spec.ts:8:9 › route smoke characterization › /admin/campaigns (1.0s)
  ✓  144 [mobile-chromium] › tests/e2e/smoke.spec.ts:8:9 › route smoke characterization › /admin/orders (971ms)
  ✓  145 [mobile-chromium] › tests/e2e/smoke.spec.ts:8:9 › route smoke characterization › /admin/orders/FRS-240712-1842 (1.2s)
  ✓  146 [mobile-chromium] › tests/e2e/smoke.spec.ts:8:9 › route smoke characterization › /admin/payments (1.1s)
  ✓  147 [mobile-chromium] › tests/e2e/smoke.spec.ts:8:9 › route smoke characterization › /admin/withdrawals (1.1s)
  ✓  148 [mobile-chromium] › tests/e2e/smoke.spec.ts:8:9 › route smoke characterization › /admin/withdrawals/WD-120724-0092 (1.0s)
  ✓  149 [mobile-chromium] › tests/e2e/smoke.spec.ts:8:9 › route smoke characterization › /admin/inventory (1.1s)
  ✓  150 [mobile-chromium] › tests/e2e/smoke.spec.ts:8:9 › route smoke characterization › /admin/fulfillment (1.2s)
  ✓  151 [mobile-chromium] › tests/e2e/smoke.spec.ts:8:9 › route smoke characterization › /admin/reviews (1.1s)
  ✓  152 [mobile-chromium] › tests/e2e/smoke.spec.ts:8:9 › route smoke characterization › /admin/kyc (926ms)
  ✓  153 [mobile-chromium] › tests/e2e/smoke.spec.ts:8:9 › route smoke characterization › /admin/webhooks (884ms)
  ✓  154 [mobile-chromium] › tests/e2e/smoke.spec.ts:8:9 › route smoke characterization › /admin/audit-logs (1.1s)
  ✓  155 [mobile-chromium] › tests/e2e/smoke.spec.ts:8:9 › route smoke characterization › /admin/providers (1.1s)
  ✓  156 [mobile-chromium] › tests/e2e/smoke.spec.ts:8:9 › route smoke characterization › /admin/system (605ms)

  156 passed (2.0m)
